  [1m[35m (852.3ms)[0m  [1m[35mCREATE DATABASE "wbooks_api_development" ENCODING = 'unicode'[0m
  ↳ /home/fvolonnino/.rbenv/versions/2.5.1/bin/rake:23
  [1m[35m (0.3ms)[0m  [1m[35mCREATE DATABASE "wbooks_api_development" ENCODING = 'unicode'[0m
  ↳ /home/fvolonnino/.rbenv/versions/2.5.1/bin/rake:23
  [1m[35m (0.3ms)[0m  [1m[35mCREATE DATABASE "wbooks_api_development" ENCODING = 'unicode'[0m
  ↳ /home/fvolonnino/.rbenv/versions/2.5.1/bin/rake:23
  [1m[35m (0.4ms)[0m  [1m[35mCREATE DATABASE "wbooks_api_development" ENCODING = 'unicode'[0m
  ↳ /home/fvolonnino/.rbenv/versions/2.5.1/bin/rake:23
  [1m[35m (0.3ms)[0m  [1m[35mCREATE DATABASE "wbooks_api_development" ENCODING = 'unicode'[0m
  ↳ /home/fvolonnino/.rbenv/versions/2.5.1/bin/rake:23
  [1m[35m (626.4ms)[0m  [1m[35mCREATE DATABASE "wbooks_api_test" ENCODING = 'unicode'[0m
  ↳ /home/fvolonnino/.rbenv/versions/2.5.1/bin/rake:23
Started GET "/" for 127.0.0.1 at 2018-09-21 16:01:07 -0300
Processing by Rails::WelcomeController#index as HTML
  Rendering /home/fvolonnino/.rbenv/versions/2.5.1/lib/ruby/gems/2.5.0/gems/railties-5.2.1/lib/rails/templates/rails/welcome/index.html.erb
  Rendered /home/fvolonnino/.rbenv/versions/2.5.1/lib/ruby/gems/2.5.0/gems/railties-5.2.1/lib/rails/templates/rails/welcome/index.html.erb (1.7ms)
Completed 200 OK in 13ms (Views: 5.2ms | ActiveRecord: 0.0ms)


  [1m[35m (85.4ms)[0m  [1m[35mCREATE TABLE "schema_migrations" ("version" character varying NOT NULL PRIMARY KEY)[0m
  ↳ /home/fvolonnino/.rbenv/versions/2.5.1/bin/rake:23
  [1m[35m (108.7ms)[0m  [1m[35mCREATE TABLE "ar_internal_metadata" ("key" character varying NOT NULL PRIMARY KEY, "value" character varying, "created_at" timestamp NOT NULL, "updated_at" timestamp NOT NULL)[0m
  ↳ /home/fvolonnino/.rbenv/versions/2.5.1/bin/rake:23
  [1m[35m (0.3ms)[0m  [1m[34mSELECT pg_try_advisory_lock(7036793423382694335)[0m
  ↳ /home/fvolonnino/.rbenv/versions/2.5.1/bin/rake:23
  [1m[35m (0.2ms)[0m  [1m[34mSELECT "schema_migrations"."version" FROM "schema_migrations" ORDER BY "schema_migrations"."version" ASC[0m
  ↳ /home/fvolonnino/.rbenv/versions/2.5.1/bin/rake:23
  [1m[36mActiveRecord::InternalMetadata Load (0.2ms)[0m  [1m[34mSELECT  "ar_internal_metadata".* FROM "ar_internal_metadata" WHERE "ar_internal_metadata"."key" = $1 LIMIT $2[0m  [["key", "environment"], ["LIMIT", 1]]
  ↳ /home/fvolonnino/.rbenv/versions/2.5.1/bin/rake:23
  [1m[35m (0.1ms)[0m  [1m[35mBEGIN[0m
  ↳ /home/fvolonnino/.rbenv/versions/2.5.1/bin/rake:23
  [1m[36mActiveRecord::InternalMetadata Create (0.2ms)[0m  [1m[32mINSERT INTO "ar_internal_metadata" ("key", "value", "created_at", "updated_at") VALUES ($1, $2, $3, $4) RETURNING "key"[0m  [["key", "environment"], ["value", "development"], ["created_at", "2018-09-21 19:02:32.381829"], ["updated_at", "2018-09-21 19:02:32.381829"]]
  ↳ /home/fvolonnino/.rbenv/versions/2.5.1/bin/rake:23
  [1m[35m (2.0ms)[0m  [1m[35mCOMMIT[0m
  ↳ /home/fvolonnino/.rbenv/versions/2.5.1/bin/rake:23
  [1m[35m (0.2ms)[0m  [1m[34mSELECT pg_advisory_unlock(7036793423382694335)[0m
  ↳ /home/fvolonnino/.rbenv/versions/2.5.1/bin/rake:23
  [1m[35m (0.2ms)[0m  [1m[34mSELECT "schema_migrations"."version" FROM "schema_migrations" ORDER BY "schema_migrations"."version" ASC[0m
  ↳ /home/fvolonnino/.rbenv/versions/2.5.1/bin/rake:23
